<?xml version="1.0" encoding="UTF-8"?>
<testsuite name="com.iptvflix.androidtv.livetv.LiveChannelSelectorViewModelTest" tests="4" skipped="0" failures="0" errors="0" timestamp="2026-08-27T09:14:31" hostname="Mac.lan" time="0.719">
  <properties/>
  <testcase name="Repository failure surfaces as Error" classname="com.iptvflix.androidtv.livetv.LiveChannelSelectorViewModelTest" time="0.707"/>
  <testcase name="Empty channel list produces Ready with empty list, not Error" classname="com.iptvflix.androidtv.livetv.LiveChannelSelectorViewModelTest" time="0.003"/>
  <testcase name="Ready state populated on successful load" classname="com.iptvflix.androidtv.livetv.LiveChannelSelectorViewModelTest" time="0.006"/>
  <testcase name="Channels with and without EPG coexist in the same Ready list" classname="com.iptvflix.androidtv.livetv.LiveChannelSelectorViewModelTest" time="0.003"/>
  <system-out><![CDATA[]]></system-out>
  <system-err><![CDATA[WARNING: A Java agent has been loaded dynamically (/Users/pierrebocquet/.gradle/caches/transforms-4/4950a87c6ef58950ffbdd70b58187043/transformed/jetified-byte-buddy-agent-1.14.6.jar)
WARNING: If a serviceability tool is in use, please run with -XX:+EnableDynamicAgentLoading to hide this warning
WARNING: If a serviceability tool is not in use, please run with -Djdk.instrument.traceUsage for more information
WARNING: Dynamic loading of agents will be disallowed by default in a future release
]]></system-err>
</testsuite>
