<?xml version="1.0" encoding="UTF-8"?>
<testsuite name="com.iptvflix.androidtv.livetv.LiveChannelSelectorViewModelTest" tests="4" skipped="0" failures="0" errors="0" timestamp="2026-08-27T10:01:33" hostname="Mac.lan" time="0.132">
  <properties/>
  <testcase name="Repository failure surfaces as Error" classname="com.iptvflix.androidtv.livetv.LiveChannelSelectorViewModelTest" time="0.123"/>
  <testcase name="Empty channel list produces Ready with empty list, not Error" classname="com.iptvflix.androidtv.livetv.LiveChannelSelectorViewModelTest" time="0.003"/>
  <testcase name="Ready state populated on successful load" classname="com.iptvflix.androidtv.livetv.LiveChannelSelectorViewModelTest" time="0.004"/>
  <testcase name="Channels with and without EPG coexist in the same Ready list" classname="com.iptvflix.androidtv.livetv.LiveChannelSelectorViewModelTest" time="0.002"/>
  <system-out><![CDATA[]]></system-out>
  <system-err><![CDATA[]]></system-err>
</testsuite>
