<?xml version="1.0" encoding="UTF-8"?>
<testsuite name="com.iptvflix.androidtv.playback.PlaybackResolverTest" tests="2" skipped="0" failures="0" errors="0" timestamp="2026-08-27T08:21:48" hostname="Mac.lan" time="0.001">
  <properties/>
  <testcase name="pickSaferVariant prefers fr 1080p over 4K" classname="com.iptvflix.androidtv.playback.PlaybackResolverTest" time="0.001"/>
  <testcase name="pickSaferVariant leaves non-uhd selection alone" classname="com.iptvflix.androidtv.playback.PlaybackResolverTest" time="0.0"/>
  <system-out><![CDATA[]]></system-out>
  <system-err><![CDATA[]]></system-err>
</testsuite>
