<?xml version="1.0" encoding="UTF-8"?>
<testsuite name="com.iptvflix.androidtv.livetv.ChannelApiParserTest" tests="4" skipped="0" failures="0" errors="0" timestamp="2026-08-27T08:21:47" hostname="Mac.lan" time="0.003">
  <properties/>
  <testcase name="full response with epg now, next, logo, categories and isFavorite" classname="com.iptvflix.androidtv.livetv.ChannelApiParserTest" time="0.003"/>
  <testcase name="epg absent is decoded as null" classname="com.iptvflix.androidtv.livetv.ChannelApiParserTest" time="0.0"/>
  <testcase name="logo absent is decoded as null" classname="com.iptvflix.androidtv.livetv.ChannelApiParserTest" time="0.0"/>
  <testcase name="minimal response with only id and name uses defaults" classname="com.iptvflix.androidtv.livetv.ChannelApiParserTest" time="0.0"/>
  <system-out><![CDATA[]]></system-out>
  <system-err><![CDATA[]]></system-err>
</testsuite>
