<?xml version="1.0" encoding="UTF-8"?>
<testsuite name="com.iptvflix.androidtv.profiles.ProfileViewModelTest" tests="6" skipped="0" failures="0" errors="0" timestamp="2026-08-27T10:01:34" hostname="Mac.lan" time="0.005">
  <properties/>
  <testcase name="selectProfile on failure does not update token store" classname="com.iptvflix.androidtv.profiles.ProfileViewModelTest" time="0.002"/>
  <testcase name="loadProfiles emits correct state with profiles" classname="com.iptvflix.androidtv.profiles.ProfileViewModelTest" time="0.001"/>
  <testcase name="selectProfile success delivers the selected profile data" classname="com.iptvflix.androidtv.profiles.ProfileViewModelTest" time="0.0"/>
  <testcase name="selectProfile targets the correct profile by id" classname="com.iptvflix.androidtv.profiles.ProfileViewModelTest" time="0.001"/>
  <testcase name="loadProfiles emits error state on network failure" classname="com.iptvflix.androidtv.profiles.ProfileViewModelTest" time="0.001"/>
  <testcase name="selectProfile on success stores token and last profile id" classname="com.iptvflix.androidtv.profiles.ProfileViewModelTest" time="0.0"/>
  <system-out><![CDATA[]]></system-out>
  <system-err><![CDATA[]]></system-err>
</testsuite>
