<?xml version="1.0" encoding="UTF-8"?>
<testsuite name="com.iptvflix.androidtv.command.ReconnectBackoffTest" tests="4" skipped="0" failures="0" errors="0" timestamp="2026-08-27T10:01:33" hostname="Mac.lan" time="0.631">
  <properties/>
  <testcase name="duplicate commandId is not emitted twice" classname="com.iptvflix.androidtv.command.ReconnectBackoffTest" time="0.626"/>
  <testcase name="UnauthorizedException from SSE triggers onRevoked" classname="com.iptvflix.androidtv.command.ReconnectBackoffTest" time="0.003"/>
  <testcase name="backoff sequence starts at 1s and doubles each attempt" classname="com.iptvflix.androidtv.command.ReconnectBackoffTest" time="0.0"/>
  <testcase name="backoff is capped at 60s" classname="com.iptvflix.androidtv.command.ReconnectBackoffTest" time="0.001"/>
  <system-out><![CDATA[]]></system-out>
  <system-err><![CDATA[WARNING: A Java agent has been loaded dynamically (/Users/pierrebocquet/.gradle/caches/transforms-4/4950a87c6ef58950ffbdd70b58187043/transformed/jetified-byte-buddy-agent-1.14.6.jar)
WARNING: If a serviceability tool is in use, please run with -XX:+EnableDynamicAgentLoading to hide this warning
WARNING: If a serviceability tool is not in use, please run with -Djdk.instrument.traceUsage for more information
WARNING: Dynamic loading of agents will be disallowed by default in a future release
]]></system-err>
</testsuite>
