<?xml version="1.0" encoding="UTF-8"?>
<testsuite name="com.iptvflix.androidtv.playback.AvailabilityVariantLabelTest" tests="3" skipped="0" failures="0" errors="0" timestamp="2026-08-27T08:05:39" hostname="Mac.lan" time="0.003">
  <properties/>
  <testcase name="multi audio tracks mark selected univ source" classname="com.iptvflix.androidtv.playback.AvailabilityVariantLabelTest" time="0.002"/>
  <testcase name="structured fr quality keeps univ as suffix" classname="com.iptvflix.androidtv.playback.AvailabilityVariantLabelTest" time="0.0"/>
  <testcase name="provider code alone stays readable" classname="com.iptvflix.androidtv.playback.AvailabilityVariantLabelTest" time="0.0"/>
  <system-out><![CDATA[]]></system-out>
  <system-err><![CDATA[]]></system-err>
</testsuite>
