<?xml version="1.0" encoding="UTF-8"?>
<testsuite name="com.iptvflix.androidtv.playback.StreamExtensionFallbackTest" tests="4" skipped="0" failures="0" errors="0" timestamp="2026-08-27T08:05:39" hostname="Mac.lan" time="0.002">
  <properties/>
  <testcase name="next tries mp4 after mkv" classname="com.iptvflix.androidtv.playback.StreamExtensionFallbackTest" time="0.002"/>
  <testcase name="withExtension preserves query string" classname="com.iptvflix.androidtv.playback.StreamExtensionFallbackTest" time="0.0"/>
  <testcase name="next returns null when exhausted" classname="com.iptvflix.androidtv.playback.StreamExtensionFallbackTest" time="0.0"/>
  <testcase name="next skips already tried extensions" classname="com.iptvflix.androidtv.playback.StreamExtensionFallbackTest" time="0.0"/>
  <system-out><![CDATA[]]></system-out>
  <system-err><![CDATA[]]></system-err>
</testsuite>
